C:\Program Files\Microsoft Visual Studio\18\Community\MSBuild\Microsoft\VC\v180\Platforms\Win32\PlatformToolsets\v145\ImportAfter\Intel.Libs.IPP1A.v145.targets(36,5): warning : Could not expand IPP1AMajorVersion variable. Corresponding version of Intel(R) IPP is not installed or the registry information may be incorrect. 
C:\Program Files\Microsoft Visual Studio\18\Community\MSBuild\Microsoft\VC\v180\Platforms\Win32\PlatformToolsets\v145\ImportAfter\Intel.Libs.IPP1A.v145.targets(37,5): warning : Could not expand IPP1AMinorVersion variable. Corresponding version of Intel(R) IPP is not installed or the registry information may be incorrect. 
C:\Program Files\Microsoft Visual Studio\18\Community\MSBuild\Microsoft\VC\v180\Platforms\Win32\PlatformToolsets\v145\ImportAfter\Intel.Libs.IPP1A.v145.targets(38,5): warning : Could not expand IPP1AIncludeDir variable. Corresponding version of Intel(R) IPP is not installed or the registry information may be incorrect. 
C:\Program Files\Microsoft Visual Studio\18\Community\MSBuild\Microsoft\VC\v180\Platforms\Win32\PlatformToolsets\v145\ImportAfter\Intel.Libs.IPP1A.v145.targets(39,5): warning : Could not expand IPP1ALibDir variable. Corresponding version of Intel(R) IPP is not installed or the registry information may be incorrect. 
  cl : warning della riga di comando D9035 : l'opzione 'Gm' è deprecata e verrà rimossa in una futura versione
  stdafx.cpp
  cl : warning della riga di comando D9035 : l'opzione 'Gm' è deprecata e verrà rimossa in una futura versione
  Template.cpp
  PlugIn.cpp
C:\Users\mauro\Desktop\Template\Template\LEEffect.h(226,14): warning C4091: 'typedef ': ignorato a sinistra di 'WatchDataType' quando non si dichiara alcuna variabile
  (compilazione del file di origine '/PlugIn.cpp')
  
  myLib.cpp
  Generazione del codice in corso...
C:\Program Files\Microsoft Visual Studio\18\Community\MSBuild\Microsoft\VC\v180\Microsoft.CppBuild.targets(1412,5): warning MSB8012: TargetPath(C:\Users\mauro\Desktop\Template\Debug\Template.dll) non corrisponde al valore della proprietà OutputFile di Linker (C:\Program Files (x86)\Leaff\NU-Tech\PlugIn\debug\Template.dll). Questa condizione potrebbe impedire la corretta compilazione del progetto. Per risolvere il problema, accertarsi che i valori di proprietà $(OutDir), $(TargetName) e $(TargetExt) corrispondano al valore specificato in %(Link.OutputFile).
myLib.obj : warning LNK4075: '/EDITANDCONTINUE' ignorato a causa della specifica di '/SAFESEH'
     Creazione della libreria C:\Users\mauro\Desktop\Template\Debug\Template.lib e dell'oggetto C:\Users\mauro\Desktop\Template\Debug\Template.exp
PlugIn.obj : error LNK2019: riferimento al simbolo esterno _ippsMalloc_8u@4 non risolto nella funzione "public: __thiscall PlugIn::PlugIn(int (__stdcall*)(class LEEffect *,int,int,void *),void *,struct HWND__ *)" (??0PlugIn@@QAE@P6GHPAVLEEffect@@HHPAX@Z1PAUHWND__@@@Z)
PlugIn.obj : error LNK2019: riferimento al simbolo esterno _ippsFree@4 non risolto nella funzione "public: __thiscall PlugIn::PlugIn(int (__stdcall*)(class LEEffect *,int,int,void *),void *,struct HWND__ *)" (??0PlugIn@@QAE@P6GHPAVLEEffect@@HHPAX@Z1PAUHWND__@@@Z)
PlugIn.obj : error LNK2019: riferimento al simbolo esterno _ippsCopy_64f@12 non risolto nella funzione "public: __thiscall PlugIn::PlugIn(int (__stdcall*)(class LEEffect *,int,int,void *),void *,struct HWND__ *)" (??0PlugIn@@QAE@P6GHPAVLEEffect@@HHPAX@Z1PAUHWND__@@@Z)
PlugIn.obj : error LNK2019: riferimento al simbolo esterno _ippsZero_64f@8 non risolto nella funzione "public: __thiscall PlugIn::PlugIn(int (__stdcall*)(class LEEffect *,int,int,void *),void *,struct HWND__ *)" (??0PlugIn@@QAE@P6GHPAVLEEffect@@HHPAX@Z1PAUHWND__@@@Z)
PlugIn.obj : error LNK2019: riferimento al simbolo esterno _ippsMagnitude_32fc@12 non risolto nella funzione "public: __thiscall PlugIn::PlugIn(int (__stdcall*)(class LEEffect *,int,int,void *),void *,struct HWND__ *)" (??0PlugIn@@QAE@P6GHPAVLEEffect@@HHPAX@Z1PAUHWND__@@@Z)
PlugIn.obj : error LNK2019: riferimento al simbolo esterno _ippsFFTGetSize_R_64f@24 non risolto nella funzione "public: __thiscall PlugIn::PlugIn(int (__stdcall*)(class LEEffect *,int,int,void *),void *,struct HWND__ *)" (??0PlugIn@@QAE@P6GHPAVLEEffect@@HHPAX@Z1PAUHWND__@@@Z)
PlugIn.obj : error LNK2019: riferimento al simbolo esterno _ippsFFTInit_R_32f@24 non risolto nella funzione "public: __thiscall PlugIn::PlugIn(int (__stdcall*)(class LEEffect *,int,int,void *),void *,struct HWND__ *)" (??0PlugIn@@QAE@P6GHPAVLEEffect@@HHPAX@Z1PAUHWND__@@@Z)
PlugIn.obj : error LNK2019: riferimento al simbolo esterno _ippsFFTInit_R_64f@24 non risolto nella funzione "public: __thiscall PlugIn::PlugIn(int (__stdcall*)(class LEEffect *,int,int,void *),void *,struct HWND__ *)" (??0PlugIn@@QAE@P6GHPAVLEEffect@@HHPAX@Z1PAUHWND__@@@Z)
PlugIn.obj : error LNK2019: riferimento al simbolo esterno _ippsFFTFwd_RToCCS_32f@16 non risolto nella funzione "public: __thiscall PlugIn::PlugIn(int (__stdcall*)(class LEEffect *,int,int,void *),void *,struct HWND__ *)" (??0PlugIn@@QAE@P6GHPAVLEEffect@@HHPAX@Z1PAUHWND__@@@Z)
PlugIn.obj : error LNK2019: riferimento al simbolo esterno _ippsFFTFwd_RToPack_64f@16 non risolto nella funzione "public: __thiscall PlugIn::PlugIn(int (__stdcall*)(class LEEffect *,int,int,void *),void *,struct HWND__ *)" (??0PlugIn@@QAE@P6GHPAVLEEffect@@HHPAX@Z1PAUHWND__@@@Z)
PlugIn.obj : error LNK2019: riferimento al simbolo esterno _ippsFFTInv_PackToR_64f@16 non risolto nella funzione "public: __thiscall PlugIn::PlugIn(int (__stdcall*)(class LEEffect *,int,int,void *),void *,struct HWND__ *)" (??0PlugIn@@QAE@P6GHPAVLEEffect@@HHPAX@Z1PAUHWND__@@@Z)
C:\Program Files (x86)\Intel\oneAPI\ipp\2022.3\include\ipp\ippcore.h\..\..\..\lib\ippcoremt.lib : warning LNK4272: il tipo 'x64' del computer della libreria è in conflitto con il tipo 'x86' del computer di destinazione
C:\Program Files (x86)\Intel\oneAPI\ipp\2022.3\include\ipp\ippcc.h\..\..\..\lib\ippccmt.lib : warning LNK4272: il tipo 'x64' del computer della libreria è in conflitto con il tipo 'x86' del computer di destinazione
C:\Program Files (x86)\Intel\oneAPI\ipp\2022.3\include\ipp\ippcc.h\..\..\..\lib\ippimt.lib : warning LNK4272: il tipo 'x64' del computer della libreria è in conflitto con il tipo 'x86' del computer di destinazione
C:\Program Files (x86)\Intel\oneAPI\ipp\2022.3\include\ipp\ippcc.h\..\..\..\lib\ippsmt.lib : warning LNK4272: il tipo 'x64' del computer della libreria è in conflitto con il tipo 'x86' del computer di destinazione
C:\Program Files (x86)\Intel\oneAPI\ipp\2022.3\include\ipp\ippcc.h\..\..\..\lib\ippvmmt.lib : warning LNK4272: il tipo 'x64' del computer della libreria è in conflitto con il tipo 'x86' del computer di destinazione
C:\Program Files (x86)\Intel\oneAPI\ipp\2022.3\include\ipp\ippdc.h\..\..\..\lib\ippdcmt.lib : warning LNK4272: il tipo 'x64' del computer della libreria è in conflitto con il tipo 'x86' del computer di destinazione
C:\Program Files (x86)\Intel\oneAPI\ipp\2022.3\include\ipp\ippcv.h\..\..\..\lib\ippcvmt.lib : warning LNK4272: il tipo 'x64' del computer della libreria è in conflitto con il tipo 'x86' del computer di destinazione
C:\Program Files (x86)\Intel\oneAPI\ipp\2022.3\lib\ippemt.lib : warning LNK4272: il tipo 'x64' del computer della libreria è in conflitto con il tipo 'x86' del computer di destinazione
C:\Program Files (x86)\Leaff\NU-Tech\PlugIn\debug\Template.dll : fatal error LNK1120: 11 esterni non risolti
