c:\users\p004610\desktop\esempi - mdsp\parte1_nu-tech\template\template\debug\template.pch
c:\users\p004610\desktop\esempi - mdsp\parte1_nu-tech\template\template\debug\vc142.pdb
c:\users\p004610\desktop\esempi - mdsp\parte1_nu-tech\template\template\debug\vc142.idb
c:\users\p004610\desktop\esempi - mdsp\parte1_nu-tech\template\template\debug\stdafx.obj
c:\users\p004610\desktop\esempi - mdsp\parte1_nu-tech\template\template\debug\mylib.obj
c:\users\p004610\desktop\esempi - mdsp\parte1_nu-tech\template\template\debug\plugin.obj
c:\users\p004610\desktop\esempi - mdsp\parte1_nu-tech\template\template\debug\template.obj
c:\users\mauro\desktop\template\template\debug\template.pch
c:\users\mauro\desktop\template\template\debug\vc145.pdb
c:\users\mauro\desktop\template\template\debug\vc145.idb
c:\users\mauro\desktop\template\template\debug\stdafx.obj
c:\users\mauro\desktop\template\template\debug\mylib.obj
c:\users\mauro\desktop\template\template\debug\template.obj
c:\users\mauro\desktop\template\template\debug\plugin.obj
c:\program files (x86)\leaff\nu-tech\plugin\debug\template.dll
c:\program files (x86)\leaff\nu-tech\plugin\debug\template.ilk
c:\users\p004610\desktop\esempi - mdsp\parte1_nu-tech\template\debug\template.pdb
c:\users\p004610\desktop\esempi - mdsp\parte1_nu-tech\template\debug\template.lib
c:\users\p004610\desktop\esempi - mdsp\parte1_nu-tech\template\debug\template.exp
c:\users\mauro\desktop\template\template\debug\vc142.idb
c:\users\mauro\desktop\template\template\debug\vc142.pdb
c:\users\mauro\desktop\template\debug\template.pdb
c:\users\mauro\desktop\template\template\debug\template.tlog\cl.command.1.tlog
c:\users\mauro\desktop\template\template\debug\template.tlog\cl.read.1.tlog
c:\users\mauro\desktop\template\template\debug\template.tlog\cl.write.1.tlog
c:\users\mauro\desktop\template\template\debug\template.tlog\link.command.1.tlog
c:\users\mauro\desktop\template\template\debug\template.tlog\link.delete.1.tlog
c:\users\mauro\desktop\template\template\debug\template.tlog\link.read.1.tlog
c:\users\mauro\desktop\template\template\debug\template.tlog\link.write.1.tlog
c:\users\mauro\desktop\template\template\debug\template.tlog\template.write.1u.tlog
